#
# A fatal error has been detected by the Java Runtime Environment:
#
#  EXCEPTION_ACCESS_VIOLATION (0xc0000005) at pc=0x000000006609fed7, pid=3588, tid=0x000000000000075c
#
# JRE version: OpenJDK Runtime Environment (8.0_242-b01) (build 1.8.0_242-release-1644-b01)
# Java VM: OpenJDK 64-Bit Server VM (25.242-b01 mixed mode windows-amd64 compressed oops)
# Problematic frame:
# V  [jvm.dll+0x1efed7]
#
# Failed to write core dump. Minidumps are not enabled by default on client versions of Windows
#
# If you would like to submit a bug report, please visit:
#   
#

---------------  T H R E A D  ---------------

Current thread (0x000000001f522800):  JavaThread "Exec process Thread 2" [, id=1884, stack(0x00000000244e0000,0x00000000245e0000)]

siginfo: ExceptionCode=0xc0000005, writing address 0x00000000245d3a50

Registers:
RAX=0x00000000245d3a50, RBX=0x0000000000000007, RCX=0x0000000000006000, RDX=0x000000000000001f
RSP=0x00000000245d9a50, RBP=0x0000000000000000, RSI=0x00000000245d9a50, RDI=0x0000000000000007
R8 =0x000000000000001f, R9 =0x0000000018a4e760, R10=0x0000000015f04508, R11=0x00000000244ea158
R12=0x00000000ffffffff, R13=0x000000001f522800, R14=0x000000001f522800, R15=0x0000000015f04508
RIP=0x000000006609fed7, EFLAGS=0x0000000000010206

Top of Stack: (sp=0x00000000245d9a50)
0x00000000245d9a50:   00000000245d9ec8 00007ff9a5d5b86b
0x00000000245d9a60:   000000001f522800 00000000ffffffff
0x00000000245d9a70:   00000000245d9b18 00000000660a0eb7
0x00000000245d9a80:   00000000245d9b80 0000000018a4e760
0x00000000245d9a90:   0000000015f04508 0000000001351d40
0x00000000245d9aa0:   0000000100969088 0000000001350000
0x00000000245d9ab0:   00000000013502a8 00000000245d9c10
0x00000000245d9ac0:   0000000015f04508 000000001f522800
0x00000000245d9ad0:   0000000002f669a0 0000000000000000
0x00000000245d9ae0:   0000000000000000 0000000000000020
0x00000000245d9af0:   0000000000000018 0000000000000004
0x00000000245d9b00:   0000000002d10000 0000000015f04508
0x00000000245d9b10:   000000001f522800 000000001d13a010
0x00000000245d9b20:   0000000001350000 0000000000000002
0x00000000245d9b30:   00000000245d9d00 0000000000000000
0x00000000245d9b40:   0000000000000601 0000000018b7e300 

Instructions: (pc=0x000000006609fed7)
0x000000006609feb7:   48 89 6c 24 30 33 ed 66 90 e8 4b d9 07 00 ff c3
0x000000006609fec7:   48 63 c8 48 8b c6 48 0f af cf 48 ff c7 48 2b c1
0x000000006609fed7:   89 28 48 63 c3 48 3b 05 65 b8 57 00 7e db 48 8b
0x000000006609fee7:   6c 24 30 48 8b 5c 24 38 48 8b 74 24 40 48 83 c4 


Register to memory mapping:

RAX=0x00000000245d3a50 is pointing into the stack for thread: 0x000000001f522800
RBX=0x0000000000000007 is an unknown value
RCX=0x0000000000006000 is an unknown value
RDX=0x000000000000001f is an unknown value
RSP=0x00000000245d9a50 is pointing into the stack for thread: 0x000000001f522800
RBP=0x0000000000000000 is an unknown value
RSI=0x00000000245d9a50 is pointing into the stack for thread: 0x000000001f522800
RDI=0x0000000000000007 is an unknown value
R8 =0x000000000000001f is an unknown value
R9 =0x0000000018a4e760 is an unknown value
R10={method} {0x0000000015f04510} 'addClass' '(Ljava/lang/Class;)V' in 'java/lang/ClassLoader'
R11=0x00000000244ea158 is pointing into the stack for thread: 0x000000001f522800
R12=0x00000000ffffffff is an unallocated location in the heap
R13=0x000000001f522800 is a thread
R14=0x000000001f522800 is a thread
R15={method} {0x0000000015f04510} 'addClass' '(Ljava/lang/Class;)V' in 'java/lang/ClassLoader'


Stack: [0x00000000244e0000,0x00000000245e0000],  sp=0x00000000245d9a50,  free space=998k
Native frames: (J=compiled Java code, j=interpreted, Vv=VM code, C=native code)

Java frames: (J=compiled Java code, j=interpreted, Vv=VM code)
J 532  java.lang.ClassLoader.defineClass1(Ljava/lang/String;[BIILjava/security/ProtectionDomain;Ljava/lang/String;)Ljava/lang/Class; (0 bytes) @ 0x000000000317d89f [0x000000000317d800+0x9f]
J 5426 C2 java.lang.ClassLoader.defineClass(Ljava/lang/String;[BIILjava/security/ProtectionDomain;)Ljava/lang/Class; (43 bytes) @ 0x0000000003f087e4 [0x0000000003f085a0+0x244]
J 5643 C2 java.net.URLClassLoader$1.run()Ljava/lang/Object; (5 bytes) @ 0x0000000003f613a0 [0x0000000003f5f4a0+0x1f00]
v  ~StubRoutines::call_stub
J 291  java.security.AccessController.doPrivileged(Ljava/security/PrivilegedExceptionAction;Ljava/security/AccessControlContext;)Ljava/lang/Object; (0 bytes) @ 0x00000000030d0726 [0x00000000030d06c0+0x66]
J 1405 C2 java.net.URLClassLoader.findClass(Ljava/lang/String;)Ljava/lang/Class; (47 bytes) @ 0x000000000302f770 [0x000000000302f6e0+0x90]
J 2583 C2 java.lang.ClassLoader.loadClass(Ljava/lang/String;Z)Ljava/lang/Class; (122 bytes) @ 0x000000000341ed04 [0x000000000341e900+0x404]
J 2257 C2 java.lang.ClassLoader.loadClass(Ljava/lang/String;)Ljava/lang/Class; (7 bytes) @ 0x00000000037a3700 [0x00000000037a36c0+0x40]
v  ~StubRoutines::call_stub
J 532  java.lang.ClassLoader.defineClass1(Ljava/lang/String;[BIILjava/security/ProtectionDomain;Ljava/lang/String;)Ljava/lang/Class; (0 bytes) @ 0x000000000317d89f [0x000000000317d800+0x9f]
J 5426 C2 java.lang.ClassLoader.defineClass(Ljava/lang/String;[BIILjava/security/ProtectionDomain;)Ljava/lang/Class; (43 bytes) @ 0x0000000003f087e4 [0x0000000003f085a0+0x244]
J 5643 C2 java.net.URLClassLoader$1.run()Ljava/lang/Object; (5 bytes) @ 0x0000000003f613a0 [0x0000000003f5f4a0+0x1f00]
v  ~StubRoutines::call_stub
J 291  java.security.AccessController.doPrivileged(Ljava/security/PrivilegedExceptionAction;Ljava/security/AccessControlContext;)Ljava/lang/Object; (0 bytes) @ 0x00000000030d0726 [0x00000000030d06c0+0x66]
J 1405 C2 java.net.URLClassLoader.findClass(Ljava/lang/String;)Ljava/lang/Class; (47 bytes) @ 0x000000000302f770 [0x000000000302f6e0+0x90]
J 2583 C2 java.lang.ClassLoader.loadClass(Ljava/lang/String;Z)Ljava/lang/Class; (122 bytes) @ 0x000000000341ed04 [0x000000000341e900+0x404]
J 2257 C2 java.lang.ClassLoader.loadClass(Ljava/lang/String;)Ljava/lang/Class; (7 bytes) @ 0x00000000037a3700 [0x00000000037a36c0+0x40]
v  ~StubRoutines::call_stub
j  org.gradle.internal.logging.events.StyledTextOutputEvent.<clinit>()V+0
v  ~StubRoutines::call_stub
j  org.gradle.internal.logging.source.PrintStreamLoggingSystem$OutputEventDestination.onOutput(Ljava/lang/CharSequence;)V+7
j  org.gradle.internal.logging.source.PrintStreamLoggingSystem$1.text(Ljava/lang/String;)V+14
j  org.gradle.internal.io.LineBufferingOutputStream.flush()V+20
j  org.gradle.internal.io.LineBufferingOutputStream.write(I)V+55
J 1210 C1 java.io.PrintStream.write(I)V (66 bytes) @ 0x000000000339a984 [0x000000000339a720+0x264]
j  org.gradle.internal.io.LinePerThreadBufferingOutputStream.write(I)V+5
j  java.io.FilterOutputStream.write(I)V+5
j  java.io.FilterOutputStream.write([BII)V+41
j  org.gradle.process.internal.streams.ExecOutputHandleRunner.forwardContent()V+37
j  org.gradle.process.internal.streams.ExecOutputHandleRunner.run()V+1
j  org.gradle.internal.operations.CurrentBuildOperationPreservingRunnable.run()V+34
J 6346 C1 org.gradle.internal.concurrent.ManagedExecutorImpl$1.run()V (59 bytes) @ 0x00000000041e053c [0x00000000041e0020+0x51c]
j  java.util.concurrent.ThreadPoolExecutor.runWorker(Ljava/util/concurrent/ThreadPoolExecutor$Worker;)V+95
j  java.util.concurrent.ThreadPoolExecutor$Worker.run()V+5
j  org.gradle.internal.concurrent.ThreadFactoryImpl$ManagedThreadRunnable.run()V+7
j  java.lang.Thread.run()V+11
v  ~StubRoutines::call_stub

---------------  P R O C E S S  ---------------

Java Threads: ( => current thread )
  0x000000001f524800 JavaThread "Exec process Thread 3" [_thread_in_native, id=4548, stack(0x00000000245e0000,0x00000000246e0000)]
=>0x000000001f522800 JavaThread "Exec process Thread 2" [_thread_in_vm, id=1884, stack(0x00000000244e0000,0x00000000245e0000)]
  0x000000001f523000 JavaThread "Exec process" [_thread_in_native, id=12016, stack(0x00000000243e0000,0x00000000244e0000)]
  0x000000001f525800 JavaThread "Cache worker for execution history cache (D:\Kine Master\UASMOBILE_HealthyBodyFit\android\.gradle\5.6.2\executionHistory)" [_thread_blocked, id=7712, stack(0x00000000242e0000,0x00000000243e0000)]
  0x000000001f521800 JavaThread "Execution worker for ':' Thread 3" [_thread_blocked, id=14572, stack(0x0000000023fe0000,0x00000000240e0000)]
  0x000000001f524000 JavaThread "Execution worker for ':' Thread 2" [_thread_blocked, id=2244, stack(0x0000000023ee0000,0x0000000023fe0000)]
  0x000000001f526000 JavaThread "Execution worker for ':'" [_thread_blocked, id=7384, stack(0x0000000021ef0000,0x0000000021ff0000)]
  0x0000000019ae8000 JavaThread "Cache worker for file content cache (D:\Kine Master\UASMOBILE_medicalportable-master\android\.gradle\5.6.2\fileContent)" [_thread_blocked, id=16088, stack(0x000000001b070000,0x000000001b170000)]
  0x0000000019ae7000 JavaThread "Cache worker for file content cache (C:\Users\Bayu\.gradle\caches\5.6.2\fileContent)" [_thread_blocked, id=15900, stack(0x0000000002d20000,0x0000000002e20000)]
  0x0000000019ae3800 JavaThread "Memory manager" [_thread_blocked, id=11936, stack(0x0000000001200000,0x0000000001300000)]
  0x0000000019ae6800 JavaThread "Cache worker for Build Output Cleanup Cache (D:\Kine Master\UASMOBILE_medicalportable-master\android\.gradle\buildOutputCleanup)" [_thread_blocked, id=6728, stack(0x00000000229e0000,0x0000000022ae0000)]
  0x0000000019ad9000 JavaThread "Build operations Thread 4" [_thread_blocked, id=14048, stack(0x00000000222e0000,0x00000000223e0000)]
  0x0000000019adf800 JavaThread "Build operations Thread 3" [_thread_blocked, id=13676, stack(0x00000000221e0000,0x00000000222e0000)]
  0x0000000019adb000 JavaThread "Build operations Thread 2" [_thread_blocked, id=5532, stack(0x0000000021df0000,0x0000000021ef0000)]
  0x0000000019adf000 JavaThread "Build operations" [_thread_blocked, id=13236, stack(0x0000000021cf0000,0x0000000021df0000)]
  0x0000000019ada800 JavaThread "Cache worker for execution history cache (C:\Users\Bayu\.gradle\caches\5.6.2\executionHistory)" [_thread_blocked, id=12956, stack(0x0000000020a20000,0x0000000020b20000)]
  0x0000000019add800 JavaThread "Cache worker for cache directory md-rule (C:\Users\Bayu\.gradle\caches\5.6.2\md-rule)" [_thread_blocked, id=12324, stack(0x0000000020720000,0x0000000020820000)]
  0x0000000019adc800 JavaThread "Cache worker for cache directory md-supplier (C:\Users\Bayu\.gradle\caches\5.6.2\md-supplier)" [_thread_blocked, id=2568, stack(0x000000001ebe0000,0x000000001ece0000)]
  0x0000000019e26000 JavaThread "Cache worker for file hash cache (D:\Kine Master\UASMOBILE_medicalportable-master\android\.gradle\5.6.2\fileHashes)" [_thread_blocked, id=11540, stack(0x000000001eae0000,0x000000001ebe0000)]
  0x0000000019e27800 JavaThread "File lock release action executor" [_thread_blocked, id=13708, stack(0x000000001b670000,0x000000001b770000)]
  0x0000000019e24800 JavaThread "Cache worker for journal cache (C:\Users\Bayu\.gradle\caches\journal-1)" [_thread_blocked, id=8704, stack(0x000000001b470000,0x000000001b570000)]
  0x0000000019e25800 JavaThread "File lock request listener" [_thread_in_native, id=14736, stack(0x000000001b370000,0x000000001b470000)]
  0x0000000019e24000 JavaThread "Cache worker for file hash cache (C:\Users\Bayu\.gradle\caches\5.6.2\fileHashes)" [_thread_blocked, id=11952, stack(0x000000001b270000,0x000000001b370000)]
  0x0000000019483800 JavaThread "Thread-9" [_thread_blocked, id=9496, stack(0x000000001b170000,0x000000001b270000)]
  0x0000000019479800 JavaThread "Asynchronous log dispatcher for DefaultDaemonConnection: socket connection from /127.0.0.1:54003 to /127.0.0.1:54007" [_thread_blocked, id=15556, stack(0x000000001af70000,0x000000001b070000)]
  0x000000001946d800 JavaThread "Daemon worker" [_thread_blocked, id=13248, stack(0x000000001ac70000,0x000000001ad70000)]
  0x0000000019463000 JavaThread "Cancel handler" [_thread_blocked, id=16320, stack(0x000000001ab70000,0x000000001ac70000)]
  0x0000000019436000 JavaThread "Handler for socket connection from /127.0.0.1:54003 to /127.0.0.1:54007" [_thread_in_native, id=7232, stack(0x000000001aa70000,0x000000001ab70000)]
  0x0000000019429000 JavaThread "Daemon" [_thread_blocked, id=14252, stack(0x000000001a970000,0x000000001aa70000)]
  0x00000000199f0800 JavaThread "Daemon periodic checks" [_thread_blocked, id=13160, stack(0x000000001a870000,0x000000001a970000)]
  0x0000000019556000 JavaThread "Incoming local TCP Connector on port 54003" [_thread_in_native, id=11844, stack(0x000000001a630000,0x000000001a730000)]
  0x0000000018d83800 JavaThread "Daemon health stats" [_thread_blocked, id=11536, stack(0x0000000019ff0000,0x000000001a0f0000)]
  0x000000001812a800 JavaThread "Service Thread" daemon [_thread_blocked, id=15312, stack(0x0000000018620000,0x0000000018720000)]
  0x0000000018121000 JavaThread "C1 CompilerThread2" daemon [_thread_blocked, id=9168, stack(0x0000000018520000,0x0000000018620000)]
  0x000000001689b000 JavaThread "C2 CompilerThread1" daemon [_thread_blocked, id=16120, stack(0x0000000018020000,0x0000000018120000)]
  0x0000000016898000 JavaThread "C2 CompilerThread0" daemon [_thread_blocked, id=12872, stack(0x0000000017f20000,0x0000000018020000)]
  0x0000000016895800 JavaThread "Attach Listener" daemon [_thread_blocked, id=10772, stack(0x0000000017e20000,0x0000000017f20000)]
  0x0000000016892800 JavaThread "Signal Dispatcher" daemon [_thread_blocked, id=12160, stack(0x0000000017d20000,0x0000000017e20000)]
  0x0000000002f15800 JavaThread "Finalizer" daemon [_thread_blocked, id=1064, stack(0x0000000017b20000,0x0000000017c20000)]
  0x0000000016879000 JavaThread "Reference Handler" daemon [_thread_blocked, id=6792, stack(0x0000000017a20000,0x0000000017b20000)]
  0x0000000002d1e000 JavaThread "main" [_thread_blocked, id=14276, stack(0x0000000002ba0000,0x0000000002ca0000)]

Other Threads:
  0x0000000016858800 VMThread [stack: 0x0000000017920000,0x0000000017a20000] [id=7560]
  0x000000001812c000 WatcherThread [stack: 0x0000000018720000,0x0000000018820000] [id=4760]

VM state:not at safepoint (normal execution)

VM Mutex/Monitor currently owned by a thread: None

heap address: 0x00000000a0000000, size: 1536 MB, Compressed Oops mode: 32-bit
Narrow klass base: 0x0000000000000000, Narrow klass shift: 3
Compressed class space size: 1073741824 Address: 0x0000000100000000

Heap:
 PSYoungGen      total 263168K, used 74839K [0x00000000e0000000, 0x00000000f1d00000, 0x0000000100000000)
  eden space 244224K, 22% used [0x00000000e0000000,0x00000000e369d9c0,0x00000000eee80000)
  from space 18944K, 99% used [0x00000000f0580000,0x00000000f17f84c0,0x00000000f1800000)
  to   space 23552K, 0% used [0x00000000eee80000,0x00000000eee80000,0x00000000f0580000)
 ParOldGen       total 88576K, used 42865K [0x00000000a0000000, 0x00000000a5680000, 0x00000000e0000000)
  object space 88576K, 48% used [0x00000000a0000000,0x00000000a29dc4b8,0x00000000a5680000)
 Metaspace       used 64824K, capacity 67924K, committed 68136K, reserved 1107968K
  class space    used 8874K, capacity 9664K, committed 9768K, reserved 1048576K

Card table byte_map: [0x00000000122e0000,0x00000000125f0000] byte_map_base: 0x0000000011de0000

Marking Bits: (ParMarkBitMap*) 0x000000006667f030
 Begin Bits: [0x0000000012bf0000, 0x00000000143f0000)
 End Bits:   [0x00000000143f0000, 0x0000000015bf0000)

Polling page: 0x00000000013b0000

CodeCache: size=245760Kb used=26786Kb max_used=26786Kb free=218973Kb
 bounds [0x0000000002f20000, 0x0000000004970000, 0x0000000011f20000]
 total_blobs=9208 nmethods=8402 adapters=719
 compilation: enabled

Compilation events (10 events):
Event: 175.436 Thread 0x0000000018121000 9540       3       sun.reflect.Label$PatchInfo::<init> (26 bytes)
Event: 175.436 Thread 0x0000000018121000 nmethod 9540 0x0000000004966c10 code [0x0000000004966d60, 0x0000000004966f30]
Event: 180.085 Thread 0x0000000018121000 9541       3       java.nio.charset.CharsetDecoder::onMalformedInput (26 bytes)
Event: 180.086 Thread 0x0000000018121000 nmethod 9541 0x0000000004967010 code [0x0000000004967180, 0x00000000049674c8]
Event: 180.086 Thread 0x0000000018121000 9542       3       java.nio.charset.CharsetDecoder::implOnMalformedInput (1 bytes)
Event: 180.086 Thread 0x0000000018121000 nmethod 9542 0x00000000049675d0 code [0x0000000004967720, 0x0000000004967870]
Event: 180.086 Thread 0x0000000018121000 9543       3       java.nio.charset.CharsetDecoder::onUnmappableCharacter (26 bytes)
Event: 180.087 Thread 0x0000000018121000 nmethod 9543 0x00000000049678d0 code [0x0000000004967a40, 0x0000000004967d88]
Event: 180.087 Thread 0x0000000018121000 9544       3       java.nio.charset.CharsetDecoder::implOnUnmappableCharacter (1 bytes)
Event: 180.087 Thread 0x0000000018121000 nmethod 9544 0x0000000004967e90 code [0x0000000004967fe0, 0x0000000004968130]

GC Heap History (10 events):
Event: 88.583 GC heap before
{Heap before GC invocations=13 (full 2):
 PSYoungGen      total 171520K, used 159744K [0x00000000e0000000, 0x00000000ec180000, 0x0000000100000000)
  eden space 159744K, 100% used [0x00000000e0000000,0x00000000e9c00000,0x00000000e9c00000)
  from space 11776K, 0% used [0x00000000ea700000,0x00000000ea700000,0x00000000eb280000)
  to   space 11264K, 0% used [0x00000000e9c00000,0x00000000e9c00000,0x00000000ea700000)
 ParOldGen       total 52736K, used 16639K [0x00000000a0000000, 0x00000000a3380000, 0x00000000e0000000)
  object space 52736K, 31% used [0x00000000a0000000,0x00000000a103fd48,0x00000000a3380000)
 Metaspace       used 46625K, capacity 47800K, committed 48168K, reserved 1091584K
  class space    used 6208K, capacity 6578K, committed 6696K, reserved 1048576K
Event: 88.627 GC heap after
Heap after GC invocations=13 (full 2):
 PSYoungGen      total 171008K, used 11259K [0x00000000e0000000, 0x00000000ee380000, 0x0000000100000000)
  eden space 159744K, 0% used [0x00000000e0000000,0x00000000e0000000,0x00000000e9c00000)
  from space 11264K, 99% used [0x00000000e9c00000,0x00000000ea6fed80,0x00000000ea700000)
  to   space 15360K, 0% used [0x00000000ed480000,0x00000000ed480000,0x00000000ee380000)
 ParOldGen       total 52736K, used 22974K [0x00000000a0000000, 0x00000000a3380000, 0x00000000e0000000)
  object space 52736K, 43% used [0x00000000a0000000,0x00000000a166fa10,0x00000000a3380000)
 Metaspace       used 46625K, capacity 47800K, committed 48168K, reserved 1091584K
  class space    used 6208K, capacity 6578K, committed 6696K, reserved 1048576K
}
Event: 104.930 GC heap before
{Heap before GC invocations=14 (full 2):
 PSYoungGen      total 171008K, used 171003K [0x00000000e0000000, 0x00000000ee380000, 0x0000000100000000)
  eden space 159744K, 100% used [0x00000000e0000000,0x00000000e9c00000,0x00000000e9c00000)
  from space 11264K, 99% used [0x00000000e9c00000,0x00000000ea6fed80,0x00000000ea700000)
  to   space 15360K, 0% used [0x00000000ed480000,0x00000000ed480000,0x00000000ee380000)
 ParOldGen       total 52736K, used 22974K [0x00000000a0000000, 0x00000000a3380000, 0x00000000e0000000)
  object space 52736K, 43% used [0x00000000a0000000,0x00000000a166fa10,0x00000000a3380000)
 Metaspace       used 54635K, capacity 56408K, committed 56616K, reserved 1097728K
  class space    used 7437K, capacity 7904K, committed 7976K, reserved 1048576K
Event: 105.083 GC heap after
Heap after GC invocations=14 (full 2):
 PSYoungGen      total 215552K, used 15333K [0x00000000e0000000, 0x00000000ee780000, 0x0000000100000000)
  eden space 200192K, 0% used [0x00000000e0000000,0x00000000e0000000,0x00000000ec380000)
  from space 15360K, 99% used [0x00000000ed480000,0x00000000ee3795c0,0x00000000ee380000)
  to   space 17408K, 0% used [0x00000000ec380000,0x00000000ec380000,0x00000000ed480000)
 ParOldGen       total 52736K, used 32040K [0x00000000a0000000, 0x00000000a3380000, 0x00000000e0000000)
  object space 52736K, 60% used [0x00000000a0000000,0x00000000a1f4a0a8,0x00000000a3380000)
 Metaspace       used 54635K, capacity 56408K, committed 56616K, reserved 1097728K
  class space    used 7437K, capacity 7904K, committed 7976K, reserved 1048576K
}
Event: 111.205 GC heap before
{Heap before GC invocations=15 (full 2):
 PSYoungGen      total 215552K, used 68554K [0x00000000e0000000, 0x00000000ee780000, 0x0000000100000000)
  eden space 200192K, 26% used [0x00000000e0000000,0x00000000e33f9350,0x00000000ec380000)
  from space 15360K, 99% used [0x00000000ed480000,0x00000000ee3795c0,0x00000000ee380000)
  to   space 17408K, 0% used [0x00000000ec380000,0x00000000ec380000,0x00000000ed480000)
 ParOldGen       total 52736K, used 32040K [0x00000000a0000000, 0x00000000a3380000, 0x00000000e0000000)
  object space 52736K, 60% used [0x00000000a0000000,0x00000000a1f4a0a8,0x00000000a3380000)
 Metaspace       used 57082K, capacity 59034K, committed 59160K, reserved 1099776K
  class space    used 7727K, capacity 8286K, committed 8360K, reserved 1048576K
Event: 111.228 GC heap after
Heap after GC invocations=15 (full 2):
 PSYoungGen      total 217600K, used 14150K [0x00000000e0000000, 0x00000000f1800000, 0x0000000100000000)
  eden space 200192K, 0% used [0x00000000e0000000,0x00000000e0000000,0x00000000ec380000)
  from space 17408K, 81% used [0x00000000ec380000,0x00000000ed151ba8,0x00000000ed480000)
  to   space 18944K, 0% used [0x00000000f0580000,0x00000000f0580000,0x00000000f1800000)
 ParOldGen       total 52736K, used 32112K [0x00000000a0000000, 0x00000000a3380000, 0x00000000e0000000)
  object space 52736K, 60% used [0x00000000a0000000,0x00000000a1f5c0b8,0x00000000a3380000)
 Metaspace       used 57082K, capacity 59034K, committed 59160K, reserved 1099776K
  class space    used 7727K, capacity 8286K, committed 8360K, reserved 1048576K
}
Event: 111.228 GC heap before
{Heap before GC invocations=16 (full 3):
 PSYoungGen      total 217600K, used 14150K [0x00000000e0000000, 0x00000000f1800000, 0x0000000100000000)
  eden space 200192K, 0% used [0x00000000e0000000,0x00000000e0000000,0x00000000ec380000)
  from space 17408K, 81% used [0x00000000ec380000,0x00000000ed151ba8,0x00000000ed480000)
  to   space 18944K, 0% used [0x00000000f0580000,0x00000000f0580000,0x00000000f1800000)
 ParOldGen       total 52736K, used 32112K [0x00000000a0000000, 0x00000000a3380000, 0x00000000e0000000)
  object space 52736K, 60% used [0x00000000a0000000,0x00000000a1f5c0b8,0x00000000a3380000)
 Metaspace       used 57082K, capacity 59034K, committed 59160K, reserved 1099776K
  class space    used 7727K, capacity 8286K, committed 8360K, reserved 1048576K
Event: 111.695 GC heap after
Heap after GC invocations=16 (full 3):
 PSYoungGen      total 217600K, used 0K [0x00000000e0000000, 0x00000000f1800000, 0x0000000100000000)
  eden space 200192K, 0% used [0x00000000e0000000,0x00000000e0000000,0x00000000ec380000)
  from space 17408K, 0% used [0x00000000ec380000,0x00000000ec380000,0x00000000ed480000)
  to   space 18944K, 0% used [0x00000000f0580000,0x00000000f0580000,0x00000000f1800000)
 ParOldGen       total 88576K, used 37212K [0x00000000a0000000, 0x00000000a5680000, 0x00000000e0000000)
  object space 88576K, 42% used [0x00000000a0000000,0x00000000a2457198,0x00000000a5680000)
 Metaspace       used 57082K, capacity 59034K, committed 59160K, reserved 1099776K
  class space    used 7727K, capacity 8286K, committed 8360K, reserved 1048576K
}
Event: 143.688 GC heap before
{Heap before GC invocations=17 (full 3):
 PSYoungGen      total 217600K, used 200192K [0x00000000e0000000, 0x00000000f1800000, 0x0000000100000000)
  eden space 200192K, 100% used [0x00000000e0000000,0x00000000ec380000,0x00000000ec380000)
  from space 17408K, 0% used [0x00000000ec380000,0x00000000ec380000,0x00000000ed480000)
  to   space 18944K, 0% used [0x00000000f0580000,0x00000000f0580000,0x00000000f1800000)
 ParOldGen       total 88576K, used 37212K [0x00000000a0000000, 0x00000000a5680000, 0x00000000e0000000)
  object space 88576K, 42% used [0x00000000a0000000,0x00000000a2457198,0x00000000a5680000)
 Metaspace       used 63813K, capacity 66706K, committed 66856K, reserved 1105920K
  class space    used 8719K, capacity 9466K, committed 9512K, reserved 1048576K
Event: 143.805 GC heap after
Heap after GC invocations=17 (full 3):
 PSYoungGen      total 263168K, used 18913K [0x00000000e0000000, 0x00000000f1d00000, 0x0000000100000000)
  eden space 244224K, 0% used [0x00000000e0000000,0x00000000e0000000,0x00000000eee80000)
  from space 18944K, 99% used [0x00000000f0580000,0x00000000f17f84c0,0x00000000f1800000)
  to   space 23552K, 0% used [0x00000000eee80000,0x00000000eee80000,0x00000000f0580000)
 ParOldGen       total 88576K, used 42865K [0x00000000a0000000, 0x00000000a5680000, 0x00000000e0000000)
  object space 88576K, 48% used [0x00000000a0000000,0x00000000a29dc4b8,0x00000000a5680000)
 Metaspace       used 63813K, capacity 66706K, committed 66856K, reserved 1105920K
  class space    used 8719K, capacity 9466K, committed 9512K, reserved 1048576K
}

Deoptimization events (10 events):
Event: 142.386 Thread 0x000000001f521800 Uncommon trap: reason=unstable_if action=reinterpret pc=0x0000000004118d44 method=org.gradle.internal.service.DefaultServiceRegistry$SingletonService.prepare()Lorg/gradle/internal/service/Service; @ 68
Event: 142.395 Thread 0x000000001946d800 Uncommon trap: reason=class_check action=maybe_recompile pc=0x00000000040146fc method=java.util.concurrent.ConcurrentHashMap.putVal(Ljava/lang/Object;Ljava/lang/Object;Z)Ljava/lang/Object; @ 192
Event: 142.396 Thread 0x000000001f521800 Uncommon trap: reason=class_check action=maybe_recompile pc=0x00000000040146fc method=java.util.concurrent.ConcurrentHashMap.putVal(Ljava/lang/Object;Ljava/lang/Object;Z)Ljava/lang/Object; @ 192
Event: 143.446 Thread 0x000000001f524000 Uncommon trap: reason=unstable_if action=reinterpret pc=0x00000000037739dc method=java.util.concurrent.ConcurrentHashMap.addCount(JI)V @ 34
Event: 143.527 Thread 0x000000001f526000 Uncommon trap: reason=unstable_if action=reinterpret pc=0x000000000419a3ac method=java.util.concurrent.ConcurrentHashMap.addCount(JI)V @ 7
Event: 152.283 Thread 0x0000000019ada800 Uncommon trap: reason=unstable_if action=reinterpret pc=0x0000000003cf21bc method=com.esotericsoftware.kryo.io.Input.readVarInt(Z)I @ 42
Event: 152.283 Thread 0x0000000019ada800 Uncommon trap: reason=unstable_if action=reinterpret pc=0x00000000038d2d9c method=com.esotericsoftware.kryo.io.Input.readUtf8(I)V @ 79
Event: 152.380 Thread 0x000000001f521800 Uncommon trap: reason=unstable_if action=reinterpret pc=0x00000000037d5890 method=java.util.concurrent.locks.ReentrantLock$Sync.nonfairTryAcquire(I)Z @ 19
Event: 153.344 Thread 0x0000000019ada800 Uncommon trap: reason=unstable_if action=reinterpret pc=0x0000000003cf2ba8 method=com.esotericsoftware.kryo.io.Input.readVarInt(Z)I @ 42
Event: 153.619 Thread 0x000000001946d800 Uncommon trap: reason=bimorphic action=maybe_recompile pc=0x000000000437f924 method=org.gradle.internal.ImmutableActionSet.add(Lorg/gradle/api/Action;)Lorg/gradle/internal/ImmutableActionSet; @ 74

Classes redefined (0 events):
No events

Internal exceptions (10 events):
Event: 158.893 Thread 0x000000001946d800 Exception <a 'java/lang/ClassNotFoundException': org/gradle/process/internal/AbstractExecHandleBuilderCustomizer> (0x00000000e2ec5a08) thrown at [C:\src\AOSP-openjdk-git\hotspot\src\share\vm\classfile\systemDictionary.cpp, line 210]
Event: 158.897 Thread 0x000000001946d800 Exception <a 'java/lang/ClassNotFoundException': org/gradle/process/internal/DefaultExecHandleBuilderCustomizer> (0x00000000e2f1f368) thrown at [C:\src\AOSP-openjdk-git\hotspot\src\share\vm\classfile\systemDictionary.cpp, line 210]
Event: 158.900 Thread 0x000000001946d800 Exception <a 'java/lang/ClassNotFoundException': org/gradle/process/internal/DefaultExecActionCustomizer> (0x00000000e2f9b9e8) thrown at [C:\src\AOSP-openjdk-git\hotspot\src\share\vm\classfile\systemDictionary.cpp, line 210]
Event: 158.902 Thread 0x000000001946d800 Exception <a 'java/lang/ClassNotFoundException': org/gradle/process/internal/DefaultExecAction_DecoratedCustomizer> (0x00000000e2feaf18) thrown at [C:\src\AOSP-openjdk-git\hotspot\src\share\vm\classfile\systemDictionary.cpp, line 210]
Event: 158.908 Thread 0x000000001946d800 Exception <a 'java/lang/ClassNotFoundException': org/gradle/api/logging/LogLevelBeanInfo> (0x00000000e304e520) thrown at [C:\src\AOSP-openjdk-git\hotspot\src\share\vm\classfile\systemDictionary.cpp, line 210]
Event: 158.909 Thread 0x000000001946d800 Exception <a 'java/lang/ClassNotFoundException': java/lang/EnumBeanInfo> (0x00000000e305ada8) thrown at [C:\src\AOSP-openjdk-git\hotspot\src\share\vm\classfile\systemDictionary.cpp, line 210]
Event: 158.910 Thread 0x000000001946d800 Exception <a 'java/lang/ClassNotFoundException': java/lang/EnumCustomizer> (0x00000000e3067cb0) thrown at [C:\src\AOSP-openjdk-git\hotspot\src\share\vm\classfile\systemDictionary.cpp, line 210]
Event: 158.912 Thread 0x000000001946d800 Exception <a 'java/lang/ClassNotFoundException': org/gradle/api/logging/LogLevelCustomizer> (0x00000000e30a2e50) thrown at [C:\src\AOSP-openjdk-git\hotspot\src\share\vm\classfile\systemDictionary.cpp, line 210]
Event: 158.921 Thread 0x000000001946d800 Exception <a 'java/lang/ClassNotFoundException': org/gradle/internal/logging/compatbridge/LoggingManagerInternalCompatibilityBridgeBeanInfo> (0x00000000e312a7b0) thrown at [C:\src\AOSP-openjdk-git\hotspot\src\share\vm\classfile\systemDictionary.cpp, line 
Event: 158.925 Thread 0x000000001946d800 Exception <a 'java/lang/ClassNotFoundException': org/gradle/internal/logging/compatbridge/LoggingManagerInternalCompatibilityBridgeCustomizer> (0x00000000e3180f80) thrown at [C:\src\AOSP-openjdk-git\hotspot\src\share\vm\classfile\systemDictionary.cpp, lin

Events (10 events):
Event: 158.959 loading class java/lang/ProcessImpl$2
Event: 158.959 loading class java/lang/ProcessImpl$2 done
Event: 158.959 loading class org/gradle/process/internal/streams/ExecOutputHandleRunner
Event: 158.959 loading class org/gradle/process/internal/streams/ExecOutputHandleRunner done
Event: 158.962 Thread 0x000000001f522800 Thread added: 0x000000001f522800
Event: 158.962 Thread 0x000000001f524800 Thread added: 0x000000001f524800
Event: 180.117 loading class org/gradle/internal/logging/events/StyledTextOutputEvent$Span
Event: 180.117 loading class org/gradle/internal/logging/events/StyledTextOutputEvent$Span done
Event: 180.126 loading class org/gradle/internal/logging/events/operations/StyledTextBuildOperationProgressDetails$Span
Event: 180.126 loading class org/gradle/internal/logging/events/operations/StyledTextBuildOperationProgressDetails$Span done


Dynamic libraries:
0x00007ff72f5a0000 - 0x00007ff72f5d1000 	D:\Android SDK\jre\bin\java.exe
0x00007ff9a5d30000 - 0x00007ff9a5f25000 	C:\WINDOWS\SYSTEM32\ntdll.dll
0x00007ff9a3e70000 - 0x00007ff9a3f2d000 	C:\WINDOWS\System32\KERNEL32.DLL
0x00007ff9a35d0000 - 0x00007ff9a3898000 	C:\WINDOWS\System32\KERNELBASE.dll
0x00007ff9a45a0000 - 0x00007ff9a464c000 	C:\WINDOWS\System32\ADVAPI32.dll
0x00007ff9a4480000 - 0x00007ff9a451e000 	C:\WINDOWS\System32\msvcrt.dll
0x00007ff9a4380000 - 0x00007ff9a441b000 	C:\WINDOWS\System32\sechost.dll
0x00007ff9a5750000 - 0x00007ff9a587b000 	C:\WINDOWS\System32\RPCRT4.dll
0x00007ff9a4740000 - 0x00007ff9a48e0000 	C:\WINDOWS\System32\USER32.dll
0x00007ff9a3b30000 - 0x00007ff9a3b52000 	C:\WINDOWS\System32\win32u.dll
0x00007ff9a53a0000 - 0x00007ff9a53ca000 	C:\WINDOWS\System32\GDI32.dll
0x00007ff9a3990000 - 0x00007ff9a3a9b000 	C:\WINDOWS\System32\gdi32full.dll
0x00007ff9a38f0000 - 0x00007ff9a398d000 	C:\WINDOWS\System32\msvcp_win.dll
0x00007ff9a34d0000 - 0x00007ff9a35d0000 	C:\WINDOWS\System32\ucrtbase.dll
0x00007ff9904b0000 - 0x00007ff99074a000 	C:\WINDOWS\WinSxS\amd64_microsoft.windows.common-controls_6595b64144ccf1df_6.0.19041.1052_none_60b8f8fd71f5e8cb\COMCTL32.dll
0x00007ff9a3f30000 - 0x00007ff9a3f60000 	C:\WINDOWS\System32\IMM32.DLL
0x000000005d190000 - 0x000000005d262000 	D:\Android SDK\jre\jre\bin\msvcr100.dll
0x0000000065eb0000 - 0x00000000666fb000 	D:\Android SDK\jre\jre\bin\server\jvm.dll
0x00007ff9a48e0000 - 0x00007ff9a48e8000 	C:\WINDOWS\System32\PSAPI.DLL
0x00007ff98c670000 - 0x00007ff98c679000 	C:\WINDOWS\SYSTEM32\WSOCK32.dll
0x00007ff9a4660000 - 0x00007ff9a46cb000 	C:\WINDOWS\System32\WS2_32.dll
0x00007ff9903c0000 - 0x00007ff9903e7000 	C:\WINDOWS\SYSTEM32\WINMM.dll
0x00007ff99b290000 - 0x00007ff99b29a000 	C:\WINDOWS\SYSTEM32\VERSION.dll
0x00007ff99d930000 - 0x00007ff99d93f000 	D:\Android SDK\jre\jre\bin\verify.dll
0x00007ff97a9d0000 - 0x00007ff97a9f9000 	D:\Android SDK\jre\jre\bin\java.dll
0x00007ff991800000 - 0x00007ff991816000 	D:\Android SDK\jre\jre\bin\zip.dll
0x00007ff9a48f0000 - 0x00007ff9a502f000 	C:\WINDOWS\System32\SHELL32.dll
0x00007ff9a15a0000 - 0x00007ff9a1d30000 	C:\WINDOWS\SYSTEM32\windows.storage.dll
0x00007ff9a53f0000 - 0x00007ff9a5745000 	C:\WINDOWS\System32\combase.dll
0x00007ff9a2ee0000 - 0x00007ff9a2f0c000 	C:\WINDOWS\SYSTEM32\Wldp.dll
0x00007ff9a51b0000 - 0x00007ff9a525e000 	C:\WINDOWS\System32\SHCORE.dll
0x00007ff9a4420000 - 0x00007ff9a4475000 	C:\WINDOWS\System32\shlwapi.dll
0x00007ff9a33b0000 - 0x00007ff9a33cf000 	C:\WINDOWS\SYSTEM32\profapi.dll
0x00007ff97a720000 - 0x00007ff97a73a000 	D:\Android SDK\jre\jre\bin\net.dll
0x00007ff9a2c50000 - 0x00007ff9a2cba000 	C:\WINDOWS\system32\mswsock.dll
0x00007ff979840000 - 0x00007ff979853000 	D:\Android SDK\jre\jre\bin\nio.dll
0x00007ff961250000 - 0x00007ff961276000 	C:\Users\Bayu\.gradle\native\30\windows-amd64\native-platform.dll
0x00007ff99d920000 - 0x00007ff99d92d000 	D:\Android SDK\jre\jre\bin\management.dll
0x00007ff9a2e30000 - 0x00007ff9a2e48000 	C:\WINDOWS\SYSTEM32\CRYPTSP.dll
0x00007ff9a2580000 - 0x00007ff9a25b4000 	C:\WINDOWS\system32\rsaenh.dll
0x00007ff9a3cc0000 - 0x00007ff9a3ce7000 	C:\WINDOWS\System32\bcrypt.dll
0x00007ff9a3330000 - 0x00007ff9a335e000 	C:\WINDOWS\SYSTEM32\USERENV.dll
0x00007ff9a3aa0000 - 0x00007ff9a3b23000 	C:\WINDOWS\System32\bcryptprimitives.dll
0x00007ff9a2e20000 - 0x00007ff9a2e2c000 	C:\WINDOWS\SYSTEM32\CRYPTBASE.dll
0x00007ff9a28f0000 - 0x00007ff9a292b000 	C:\WINDOWS\SYSTEM32\IPHLPAPI.DLL
0x00007ff9a4650000 - 0x00007ff9a4658000 	C:\WINDOWS\System32\NSI.dll
0x00007ff999240000 - 0x00007ff999257000 	C:\WINDOWS\SYSTEM32\dhcpcsvc6.DLL
0x00007ff99a920000 - 0x00007ff99a93d000 	C:\WINDOWS\SYSTEM32\dhcpcsvc.DLL
0x00007ff9a2940000 - 0x00007ff9a2a0c000 	C:\WINDOWS\SYSTEM32\DNSAPI.dll

VM Arguments:
jvm_args: -Xmx1536M -Dfile.encoding=windows-1252 -Duser.country=ID -Duser.language=en -Duser.variant 
java_command: org.gradle.launcher.daemon.bootstrap.GradleDaemon 5.6.2
java_class_path (initial): C:\Users\Bayu\.gradle\wrapper\dists\gradle-5.6.2-all\9st6wgf78h16so49nn74lgtbb\gradle-5.6.2\lib\gradle-launcher-5.6.2.jar
Launcher Type: SUN_STANDARD

Environment Variables:
JAVA_HOME=D:\Android SDK\jre
CLASSPATH=D:\Kine Master\UASMOBILE_HealthyBodyFit\android\\gradle\wrapper\gradle-wrapper.jar
PATH=C:\WINDOWS\system32;C:\WINDOWS;C:\WINDOWS\System32\Wbem;C:\WINDOWS\System32\WindowsPowerShell\v1.0\;C:\WINDOWS\System32\OpenSSH\;D:\Git\cmd;C:\Users\Bayu\AppData\Local\Microsoft\WindowsApps;D:\Microsoft VS Code\bin;D:\dev\flutter\bin;D:\dev\jdk8u242-b08\bin;D:\dev\androidSDK;D:\dev\androidSDK\cmdline-tools\bin;
USERNAME=Bayu
OS=Windows_NT
PROCESSOR_IDENTIFIER=Intel64 Family 6 Model 78 Stepping 3, GenuineIntel



---------------  S Y S T E M  ---------------

OS: Windows 10.0 , 64 bit Build 19041 (10.0.19041.1023)

CPU:total 4 (initial active 4) (2 cores per cpu, 2 threads per core) family 6 model 78 stepping 3, cmov, cx8, fxsr, mmx, sse, sse2, sse3, ssse3, sse4.1, sse4.2, popcnt, avx, avx2, aes, clmul, erms, 3dnowpref, lzcnt, ht, tsc, tscinvbit, bmi1, bmi2, adx

Memory: 4k page, physical 4087928k(477784k free), swap 16670840k(0k free)

vm_info: OpenJDK 64-Bit Server VM (25.242-b01) for windows-amd64 JRE (1.8.0_242-release-1644-b01), built by "builder" with MS VC++ 10.0 (VS2010)

time: Tue Jun 29 00:39:38 2021
timezone: Malay Peninsula Standard Time
elapsed time: 180 seconds (0d 0h 3m 0s)

