#
# There is insufficient memory for the Java Runtime Environment to continue.
# Native memory allocation (malloc) failed to allocate 32744 bytes for ChunkPool::allocate
# Possible reasons:
#   The system is out of physical RAM or swap space
#   The process is running with CompressedOops enabled, and the Java Heap may be blocking the growth of the native heap
# Possible solutions:
#   Reduce memory load on the system
#   Increase physical memory or swap space
#   Check if swap backing store is full
#   Decrease Java heap size (-Xmx/-Xms)
#   Decrease number of Java threads
#   Decrease Java thread stack sizes (-Xss)
#   Set larger code cache with -XX:ReservedCodeCacheSize=
#   JVM is running with Unscaled Compressed Oops mode in which the Java heap is
#     placed in the first 4GB address space. The Java Heap base address is the
#     maximum limit for the native heap growth. Please use -XX:HeapBaseMinAddress
#     to set the Java Heap base and to place the Java Heap above 4GB virtual address.
# This output file may be truncated or incomplete.
#
#  Out of Memory Error (allocation.cpp:272), pid=2212, tid=0x00000000000037f0
#
# JRE version: OpenJDK Runtime Environment (8.0_242-b01) (build 1.8.0_242-release-1644-b01)
# Java VM: OpenJDK 64-Bit Server VM (25.242-b01 mixed mode windows-amd64 compressed oops)
# Failed to write core dump. Minidumps are not enabled by default on client versions of Windows
#

---------------  T H R E A D  ---------------

Current thread (0x0000000014a5b000):  JavaThread "C1 CompilerThread2" daemon [_thread_in_native, id=14320, stack(0x0000000016260000,0x0000000016360000)]

Stack: [0x0000000016260000,0x0000000016360000]
[error occurred during error reporting (printing stack bounds), id 0xc0000005]

Native frames: (J=compiled Java code, j=interpreted, Vv=VM code, C=native code)


Current CompileTask:
C1: 199484 1136       3       org.gradle.internal.logging.sink.OutputEventTransformer::onOutput (399 bytes)


---------------  P R O C E S S  ---------------

Java Threads: ( => current thread )
  0x0000000016f70800 JavaThread "pool-1-thread-1" [_thread_in_vm, id=5620, stack(0x0000000018130000,0x0000000018230000)]
  0x0000000016366800 JavaThread "Service Thread" daemon [_thread_blocked, id=3728, stack(0x0000000016760000,0x0000000016860000)]
=>0x0000000014a5b000 JavaThread "C1 CompilerThread2" daemon [_thread_in_native, id=14320, stack(0x0000000016260000,0x0000000016360000)]
  0x000000000240c800 JavaThread "C2 CompilerThread1" daemon [_thread_in_native, id=13012, stack(0x0000000016160000,0x0000000016260000)]
  0x0000000014a0c000 JavaThread "C2 CompilerThread0" daemon [_thread_in_vm, id=2092, stack(0x0000000016060000,0x0000000016160000)]
  0x0000000014a0b000 JavaThread "Attach Listener" daemon [_thread_blocked, id=9868, stack(0x0000000015f60000,0x0000000016060000)]
  0x0000000014a09000 JavaThread "Signal Dispatcher" daemon [_thread_blocked, id=3568, stack(0x0000000015e60000,0x0000000015f60000)]
  0x0000000002404800 JavaThread "Finalizer" daemon [_thread_blocked, id=10900, stack(0x0000000015c60000,0x0000000015d60000)]
  0x0000000002401000 JavaThread "Reference Handler" daemon [_thread_blocked, id=6268, stack(0x0000000015b60000,0x0000000015c60000)]
  0x000000000063e800 JavaThread "main" [_thread_in_native, id=15432, stack(0x00000000021a0000,0x00000000022a0000)]

Other Threads:
  0x00000000149c6800 VMThread [stack: 0x0000000015a60000,0x0000000015b60000] [id=13436]
  0x0000000016367800 WatcherThread [stack: 0x0000000016860000,0x0000000016960000] [id=7556]

VM state:not at safepoint (normal execution)

VM Mutex/Monitor currently owned by a thread: None

heap address: 0x00000000c1800000, size: 1000 MB, Compressed Oops mode: 32-bit
Narrow klass base: 0x0000000000000000, Narrow klass shift: 3
Compressed class space size: 1073741824 Address: 0x0000000100000000

Heap:
 PSYoungGen      total 18944K, used 15444K [0x00000000eb300000, 0x00000000ec800000, 0x0000000100000000)
  eden space 16384K, 78% used [0x00000000eb300000,0x00000000ebf98a70,0x00000000ec300000)
  from space 2560K, 99% used [0x00000000ec580000,0x00000000ec7fc660,0x00000000ec800000)
  to   space 2560K, 0% used [0x00000000ec300000,0x00000000ec300000,0x00000000ec580000)
 ParOldGen       total 44032K, used 1352K [0x00000000c1800000, 0x00000000c4300000, 0x00000000eb300000)
  object space 44032K, 3% used [0x00000000c1800000,0x00000000c19520b8,0x00000000c4300000)
 Metaspace       used 11530K, capacity 11802K, committed 12160K, reserved 1060864K
  class space    used 1457K, capacity 1593K, committed 1664K, reserved 1048576K

Card table byte_map: [0x00000000117d0000,0x00000000119d0000] byte_map_base: 0x00000000111c4000

Marking Bits: (ParMarkBitMap*) 0x000000006667f030
 Begin Bits: [0x0000000011f20000, 0x0000000012ec0000)
 End Bits:   [0x0000000012ec0000, 0x0000000013e60000)

Polling page: 0x00000000022a0000

CodeCache: size=245760Kb used=3885Kb max_used=3897Kb free=241874Kb
 bounds [0x0000000002410000, 0x00000000027e0000, 0x0000000011410000]
 total_blobs=1509 nmethods=1138 adapters=285
 compilation: enabled

Compilation events (10 events):
Event: 199.214 Thread 0x0000000014a5b000 nmethod 1131 0x00000000027da550 code [0x00000000027da6c0, 0x00000000027da8f0]
Event: 199.214 Thread 0x0000000014a5b000 1132   !   3       org.gradle.internal.serialize.kryo.KryoBackedDecoder::readBoolean (15 bytes)
Event: 199.215 Thread 0x0000000014a5b000 nmethod 1132 0x00000000027d9810 code [0x00000000027d99e0, 0x00000000027da168]
Event: 199.215 Thread 0x0000000014a5b000 1133   !   3       com.sun.proxy.$Proxy0::onOutput (34 bytes)
Event: 199.229 Thread 0x0000000014a5b000 nmethod 1133 0x00000000027d8f10 code [0x00000000027d90a0, 0x00000000027d9598]
Event: 199.229 Thread 0x0000000014a5b000 1134       3       org.gradle.internal.logging.sink.OutputEventListenerManager$1::onOutput (33 bytes)
Event: 199.229 Thread 0x0000000014a5b000 nmethod 1134 0x00000000027d8890 code [0x00000000027d8a20, 0x00000000027d8d78]
Event: 199.234 Thread 0x0000000014a5b000 1135       3       org.gradle.launcher.daemon.protocol.Message::<init> (5 bytes)
Event: 199.234 Thread 0x0000000014a5b000 nmethod 1135 0x00000000027d84d0 code [0x00000000027d8620, 0x00000000027d87d0]
Event: 199.234 Thread 0x0000000014a5b000 1136       3       org.gradle.internal.logging.sink.OutputEventTransformer::onOutput (399 bytes)

GC Heap History (4 events):
Event: 3.309 GC heap before
{Heap before GC invocations=1 (full 0):
 PSYoungGen      total 18944K, used 16384K [0x00000000eb300000, 0x00000000ec800000, 0x0000000100000000)
  eden space 16384K, 100% used [0x00000000eb300000,0x00000000ec300000,0x00000000ec300000)
  from space 2560K, 0% used [0x00000000ec580000,0x00000000ec580000,0x00000000ec800000)
  to   space 2560K, 0% used [0x00000000ec300000,0x00000000ec300000,0x00000000ec580000)
 ParOldGen       total 44032K, used 0K [0x00000000c1800000, 0x00000000c4300000, 0x00000000eb300000)
  object space 44032K, 0% used [0x00000000c1800000,0x00000000c1800000,0x00000000c4300000)
 Metaspace       used 6088K, capacity 6304K, committed 6528K, reserved 1056768K
  class space    used 730K, capacity 800K, committed 896K, reserved 1048576K
Event: 3.314 GC heap after
Heap after GC invocations=1 (full 0):
 PSYoungGen      total 18944K, used 2556K [0x00000000eb300000, 0x00000000ec800000, 0x0000000100000000)
  eden space 16384K, 0% used [0x00000000eb300000,0x00000000eb300000,0x00000000ec300000)
  from space 2560K, 99% used [0x00000000ec300000,0x00000000ec57f258,0x00000000ec580000)
  to   space 2560K, 0% used [0x00000000ec580000,0x00000000ec580000,0x00000000ec800000)
 ParOldGen       total 44032K, used 40K [0x00000000c1800000, 0x00000000c4300000, 0x00000000eb300000)
  object space 44032K, 0% used [0x00000000c1800000,0x00000000c180a000,0x00000000c4300000)
 Metaspace       used 6088K, capacity 6304K, committed 6528K, reserved 1056768K
  class space    used 730K, capacity 800K, committed 896K, reserved 1048576K
}
Event: 6.056 GC heap before
{Heap before GC invocations=2 (full 0):
 PSYoungGen      total 18944K, used 18940K [0x00000000eb300000, 0x00000000ec800000, 0x0000000100000000)
  eden space 16384K, 100% used [0x00000000eb300000,0x00000000ec300000,0x00000000ec300000)
  from space 2560K, 99% used [0x00000000ec300000,0x00000000ec57f258,0x00000000ec580000)
  to   space 2560K, 0% used [0x00000000ec580000,0x00000000ec580000,0x00000000ec800000)
 ParOldGen       total 44032K, used 40K [0x00000000c1800000, 0x00000000c4300000, 0x00000000eb300000)
  object space 44032K, 0% used [0x00000000c1800000,0x00000000c180a000,0x00000000c4300000)
 Metaspace       used 9004K, capacity 9246K, committed 9600K, reserved 1056768K
  class space    used 1183K, capacity 1293K, committed 1408K, reserved 1048576K
Event: 6.063 GC heap after
Heap after GC invocations=2 (full 0):
 PSYoungGen      total 18944K, used 2545K [0x00000000eb300000, 0x00000000ec800000, 0x0000000100000000)
  eden space 16384K, 0% used [0x00000000eb300000,0x00000000eb300000,0x00000000ec300000)
  from space 2560K, 99% used [0x00000000ec580000,0x00000000ec7fc660,0x00000000ec800000)
  to   space 2560K, 0% used [0x00000000ec300000,0x00000000ec300000,0x00000000ec580000)
 ParOldGen       total 44032K, used 1352K [0x00000000c1800000, 0x00000000c4300000, 0x00000000eb300000)
  object space 44032K, 3% used [0x00000000c1800000,0x00000000c19520b8,0x00000000c4300000)
 Metaspace       used 9004K, capacity 9246K, committed 9600K, reserved 1056768K
  class space    used 1183K, capacity 1293K, committed 1408K, reserved 1048576K
}

Deoptimization events (10 events):
Event: 3.405 Thread 0x000000000063e800 Uncommon trap: reason=unstable_if action=reinterpret pc=0x00000000025a7140 method=java.util.regex.Matcher.reset()Ljava/util/regex/Matcher; @ 47
Event: 3.405 Thread 0x000000000063e800 Uncommon trap: reason=class_check action=maybe_recompile pc=0x00000000025a4a4c method=java.util.regex.Matcher.match(II)Z @ 86
Event: 3.405 Thread 0x000000000063e800 Uncommon trap: reason=class_check action=maybe_recompile pc=0x00000000025a4a4c method=java.util.regex.Matcher.match(II)Z @ 86
Event: 3.415 Thread 0x000000000063e800 Uncommon trap: reason=class_check action=maybe_recompile pc=0x00000000025a4a4c method=java.util.regex.Matcher.match(II)Z @ 86
Event: 3.415 Thread 0x000000000063e800 Uncommon trap: reason=class_check action=maybe_recompile pc=0x00000000025a4a4c method=java.util.regex.Matcher.match(II)Z @ 86
Event: 5.363 Thread 0x000000000063e800 Uncommon trap: reason=unstable_if action=reinterpret pc=0x0000000002685218 method=java.util.HashMap.hash(Ljava/lang/Object;)I @ 1
Event: 6.042 Thread 0x000000000063e800 Uncommon trap: reason=unstable_if action=reinterpret pc=0x0000000002682944 method=java.util.HashMap.getNode(ILjava/lang/Object;)Ljava/util/HashMap$Node; @ 129
Event: 6.042 Thread 0x000000000063e800 Uncommon trap: reason=class_check action=maybe_recompile pc=0x0000000002676800 method=java.util.HashMap.putVal(ILjava/lang/Object;Ljava/lang/Object;ZZ)Ljava/lang/Object; @ 203
Event: 25.347 Thread 0x0000000017053800 Uncommon trap: reason=class_check action=maybe_recompile pc=0x0000000002676800 method=java.util.HashMap.putVal(ILjava/lang/Object;Ljava/lang/Object;ZZ)Ljava/lang/Object; @ 203
Event: 25.350 Thread 0x0000000017053800 Uncommon trap: reason=class_check action=maybe_recompile pc=0x0000000002676800 method=java.util.HashMap.putVal(ILjava/lang/Object;Ljava/lang/Object;ZZ)Ljava/lang/Object; @ 203

Classes redefined (0 events):
No events

Internal exceptions (10 events):
Event: 199.192 Thread 0x0000000016f70800 Exception <a 'java/io/IOException'> (0x00000000ebec7c68) thrown at [C:\src\AOSP-openjdk-git\hotspot\src\share\vm\prims\jni.cpp, line 710]
Event: 199.192 Thread 0x0000000016f70800 Exception <a 'java/io/IOException'> (0x00000000ebec80b0) thrown at [C:\src\AOSP-openjdk-git\hotspot\src\share\vm\prims\jni.cpp, line 710]
Event: 199.192 Thread 0x0000000016f70800 Exception <a 'java/io/IOException'> (0x00000000ebec8600) thrown at [C:\src\AOSP-openjdk-git\hotspot\src\share\vm\prims\jni.cpp, line 710]
Event: 199.192 Thread 0x0000000016f70800 Exception <a 'java/io/IOException'> (0x00000000ebec8a48) thrown at [C:\src\AOSP-openjdk-git\hotspot\src\share\vm\prims\jni.cpp, line 710]
Event: 199.192 Thread 0x0000000016f70800 Exception <a 'java/io/IOException'> (0x00000000ebec8ed8) thrown at [C:\src\AOSP-openjdk-git\hotspot\src\share\vm\prims\jni.cpp, line 710]
Event: 199.192 Thread 0x0000000016f70800 Exception <a 'java/io/IOException'> (0x00000000ebec9320) thrown at [C:\src\AOSP-openjdk-git\hotspot\src\share\vm\prims\jni.cpp, line 710]
Event: 199.193 Thread 0x0000000016f70800 Exception <a 'java/io/IOException'> (0x00000000ebec9888) thrown at [C:\src\AOSP-openjdk-git\hotspot\src\share\vm\prims\jni.cpp, line 710]
Event: 199.193 Thread 0x0000000016f70800 Exception <a 'java/io/IOException'> (0x00000000ebec9cd0) thrown at [C:\src\AOSP-openjdk-git\hotspot\src\share\vm\prims\jni.cpp, line 710]
Event: 199.193 Thread 0x0000000016f70800 Exception <a 'java/io/IOException'> (0x00000000ebeca160) thrown at [C:\src\AOSP-openjdk-git\hotspot\src\share\vm\prims\jni.cpp, line 710]
Event: 199.193 Thread 0x0000000016f70800 Exception <a 'java/io/IOException'> (0x00000000ebeca5a8) thrown at [C:\src\AOSP-openjdk-git\hotspot\src\share\vm\prims\jni.cpp, line 710]

Events (10 events):
Event: 121.882 Executing VM operation: RevokeBias done
Event: 121.882 Thread 0x000000001705e800 Thread exited: 0x000000001705e800
Event: 198.944 loading class java/lang/Class$4
Event: 198.961 loading class java/lang/Class$4 done
Event: 198.970 loading class org/gradle/internal/logging/events/StyledTextOutputEvent$Span
Event: 198.970 loading class org/gradle/internal/logging/events/StyledTextOutputEvent$Span done
Event: 198.988 loading class org/gradle/internal/logging/events/operations/StyledTextBuildOperationProgressDetails$Span
Event: 198.988 loading class org/gradle/internal/logging/events/operations/StyledTextBuildOperationProgressDetails$Span done
Event: 199.088 loading class org/gradle/internal/logging/text/AbstractLineChoppingStyledTextOutput$StateContext
Event: 199.088 loading class org/gradle/internal/logging/text/AbstractLineChoppingStyledTextOutput$StateContext done


Dynamic libraries:
0x00007ff72f5a0000 - 0x00007ff72f5d1000 	D:\Android SDK\jre\bin\java.exe
0x00007ff9a5d30000 - 0x00007ff9a5f25000 	C:\WINDOWS\SYSTEM32\ntdll.dll
0x00007ff9a3e70000 - 0x00007ff9a3f2d000 	C:\WINDOWS\System32\KERNEL32.DLL
0x00007ff9a35d0000 - 0x00007ff9a3898000 	C:\WINDOWS\System32\KERNELBASE.dll
0x00007ff9a45a0000 - 0x00007ff9a464c000 	C:\WINDOWS\System32\ADVAPI32.dll
0x00007ff9a4480000 - 0x00007ff9a451e000 	C:\WINDOWS\System32\msvcrt.dll
0x00007ff9a4380000 - 0x00007ff9a441b000 	C:\WINDOWS\System32\sechost.dll
0x00007ff9a5750000 - 0x00007ff9a587b000 	C:\WINDOWS\System32\RPCRT4.dll
0x00007ff9a4740000 - 0x00007ff9a48e0000 	C:\WINDOWS\System32\USER32.dll
0x00007ff9a3b30000 - 0x00007ff9a3b52000 	C:\WINDOWS\System32\win32u.dll
0x00007ff9a53a0000 - 0x00007ff9a53ca000 	C:\WINDOWS\System32\GDI32.dll
0x00007ff9a3990000 - 0x00007ff9a3a9b000 	C:\WINDOWS\System32\gdi32full.dll
0x00007ff9a38f0000 - 0x00007ff9a398d000 	C:\WINDOWS\System32\msvcp_win.dll
0x00007ff9a34d0000 - 0x00007ff9a35d0000 	C:\WINDOWS\System32\ucrtbase.dll
0x00007ff9904b0000 - 0x00007ff99074a000 	C:\WINDOWS\WinSxS\amd64_microsoft.windows.common-controls_6595b64144ccf1df_6.0.19041.1052_none_60b8f8fd71f5e8cb\COMCTL32.dll
0x00007ff9a3f30000 - 0x00007ff9a3f60000 	C:\WINDOWS\System32\IMM32.DLL
0x000000005d190000 - 0x000000005d262000 	D:\Android SDK\jre\jre\bin\msvcr100.dll
0x0000000065eb0000 - 0x00000000666fb000 	D:\Android SDK\jre\jre\bin\server\jvm.dll
0x00007ff9a48e0000 - 0x00007ff9a48e8000 	C:\WINDOWS\System32\PSAPI.DLL
0x00007ff98c670000 - 0x00007ff98c679000 	C:\WINDOWS\SYSTEM32\WSOCK32.dll
0x00007ff9a4660000 - 0x00007ff9a46cb000 	C:\WINDOWS\System32\WS2_32.dll
0x00007ff9903c0000 - 0x00007ff9903e7000 	C:\WINDOWS\SYSTEM32\WINMM.dll
0x00007ff99b290000 - 0x00007ff99b29a000 	C:\WINDOWS\SYSTEM32\VERSION.dll
0x00007ff99d930000 - 0x00007ff99d93f000 	D:\Android SDK\jre\jre\bin\verify.dll
0x00007ff97a9d0000 - 0x00007ff97a9f9000 	D:\Android SDK\jre\jre\bin\java.dll
0x00007ff991800000 - 0x00007ff991816000 	D:\Android SDK\jre\jre\bin\zip.dll
0x00007ff9a48f0000 - 0x00007ff9a502f000 	C:\WINDOWS\System32\SHELL32.dll
0x00007ff9a15a0000 - 0x00007ff9a1d30000 	C:\WINDOWS\SYSTEM32\windows.storage.dll
0x00007ff9a53f0000 - 0x00007ff9a5745000 	C:\WINDOWS\System32\combase.dll
0x00007ff9a2ee0000 - 0x00007ff9a2f0c000 	C:\WINDOWS\SYSTEM32\Wldp.dll
0x00007ff9a51b0000 - 0x00007ff9a525e000 	C:\WINDOWS\System32\SHCORE.dll
0x00007ff9a4420000 - 0x00007ff9a4475000 	C:\WINDOWS\System32\shlwapi.dll
0x00007ff9a33b0000 - 0x00007ff9a33cf000 	C:\WINDOWS\SYSTEM32\profapi.dll
0x00007ff97a720000 - 0x00007ff97a73a000 	D:\Android SDK\jre\jre\bin\net.dll
0x00007ff9a2c50000 - 0x00007ff9a2cba000 	C:\WINDOWS\system32\mswsock.dll
0x00007ff979840000 - 0x00007ff979853000 	D:\Android SDK\jre\jre\bin\nio.dll
0x00007ff961250000 - 0x00007ff961276000 	C:\Users\Bayu\.gradle\native\30\windows-amd64\native-platform.dll
0x00007ff99d920000 - 0x00007ff99d92d000 	D:\Android SDK\jre\jre\bin\management.dll
0x00007ff9a2e30000 - 0x00007ff9a2e48000 	C:\WINDOWS\SYSTEM32\CRYPTSP.dll
0x00007ff9a2580000 - 0x00007ff9a25b4000 	C:\WINDOWS\system32\rsaenh.dll
0x00007ff9a3cc0000 - 0x00007ff9a3ce7000 	C:\WINDOWS\System32\bcrypt.dll
0x00007ff9a3330000 - 0x00007ff9a335e000 	C:\WINDOWS\SYSTEM32\USERENV.dll
0x00007ff9a3aa0000 - 0x00007ff9a3b23000 	C:\WINDOWS\System32\bcryptprimitives.dll
0x00007ff9a2e20000 - 0x00007ff9a2e2c000 	C:\WINDOWS\SYSTEM32\CRYPTBASE.dll
0x00007ff9a28f0000 - 0x00007ff9a292b000 	C:\WINDOWS\SYSTEM32\IPHLPAPI.DLL
0x00007ff9a4650000 - 0x00007ff9a4658000 	C:\WINDOWS\System32\NSI.dll
0x00007ff999240000 - 0x00007ff999257000 	C:\WINDOWS\SYSTEM32\dhcpcsvc6.DLL
0x00007ff99a920000 - 0x00007ff99a93d000 	C:\WINDOWS\SYSTEM32\dhcpcsvc.DLL
0x00007ff9a2940000 - 0x00007ff9a2a0c000 	C:\WINDOWS\SYSTEM32\DNSAPI.dll

VM Arguments:
jvm_args: -Dorg.gradle.appname=gradlew 
java_command: org.gradle.wrapper.GradleWrapperMain -q -Ptarget-platform=android-arm64 -Ptarget=D:\Kine Master\UASMOBILE_HealthyBodyFit\lib\main.dart -Pdart-defines=Zmx1dHRlci5pbnNwZWN0b3Iuc3RydWN0dXJlZEVycm9ycz10cnVl,RkxVVFRFUl9XRUJfQVVUT19ERVRFQ1Q9dHJ1ZQ== -Pdart-obfuscation=false -Ptrack-widget-creation=true -Ptree-shake-icons=false -Pfilesystem-scheme=org-dartlang-root assembleDebug
java_class_path (initial): D:\Kine Master\UASMOBILE_HealthyBodyFit\android\\gradle\wrapper\gradle-wrapper.jar
Launcher Type: SUN_STANDARD

Environment Variables:
JAVA_HOME=D:\Android SDK\jre
CLASSPATH=D:\Kine Master\UASMOBILE_HealthyBodyFit\android\\gradle\wrapper\gradle-wrapper.jar
PATH=C:\WINDOWS\system32;C:\WINDOWS;C:\WINDOWS\System32\Wbem;C:\WINDOWS\System32\WindowsPowerShell\v1.0\;C:\WINDOWS\System32\OpenSSH\;D:\Git\cmd;C:\Users\Bayu\AppData\Local\Microsoft\WindowsApps;D:\Microsoft VS Code\bin;D:\dev\flutter\bin;D:\dev\jdk8u242-b08\bin;D:\dev\androidSDK;D:\dev\androidSDK\cmdline-tools\bin;
USERNAME=Bayu
OS=Windows_NT
PROCESSOR_IDENTIFIER=Intel64 Family 6 Model 78 Stepping 3, GenuineIntel



---------------  S Y S T E M  ---------------

OS: Windows 10.0 , 64 bit Build 19041 (10.0.19041.1023)

CPU:total 4 (initial active 4) (2 cores per cpu, 2 threads per core) family 6 model 78 stepping 3, cmov, cx8, fxsr, mmx, sse, sse2, sse3, ssse3, sse4.1, sse4.2, popcnt, avx, avx2, aes, clmul, erms, 3dnowpref, lzcnt, ht, tsc, tscinvbit, bmi1, bmi2, adx

Memory: 4k page, physical 4087928k(217636k free), swap 16670840k(0k free)

vm_info: OpenJDK 64-Bit Server VM (25.242-b01) for windows-amd64 JRE (1.8.0_242-release-1644-b01), built by "builder" with MS VC++ 10.0 (VS2010)

time: Tue Jun 29 00:39:37 2021
timezone: Malay Peninsula Standard Time
elapsed time: 199 seconds (0d 0h 3m 19s)

